#
# There is insufficient memory for the Java Runtime Environment to continue.
# Native memory allocation (mmap) failed to map 134217728 bytes for Failed to commit area from 0x0000000081e00000 to 0x0000000089e00000 of length 134217728.
# Possible reasons:
#   The system is out of physical RAM or swap space
#   The process is running with CompressedOops enabled, and the Java Heap may be blocking the growth of the native heap
# Possible solutions:
#   Reduce memory load on the system
#   Increase physical memory or swap space
#   Check if swap backing store is full
#   Decrease Java heap size (-Xmx/-Xms)
#   Decrease number of Java threads
#   Decrease Java thread stack sizes (-Xss)
#   Set larger code cache with -XX:ReservedCodeCacheSize=
#   JVM is running with Unscaled Compressed Oops mode in which the Java heap is
#     placed in the first 4GB address space. The Java Heap base address is the
#     maximum limit for the native heap growth. Please use -XX:HeapBaseMinAddress
#     to set the Java Heap base and to place the Java Heap above 4GB virtual address.
# This output file may be truncated or incomplete.
#
#  Out of Memory Error (./open/src/hotspot/os/windows/os_windows.cpp:3315), pid=2824, tid=11892
#
# JRE version:  (14.0.2+12) (build )
# Java VM: OpenJDK 64-Bit Server VM (14.0.2+12-46, mixed mode, sharing, tiered, compressed oops, g1 gc, windows-amd64)
# No core dump will be written. Minidumps are not enabled by default on client versions of Windows
#

---------------  S U M M A R Y ------------

Command Line: -javaagent:C:\Program Files\JetBrains\IntelliJ IDEA 2020.1.4\lib\idea_rt.jar=1207:C:\Program Files\JetBrains\IntelliJ IDEA 2020.1.4\bin -Dfile.encoding=UTF-8 com.ehsan.designpatterns.course.Main

Host: Intel(R) Core(TM) i7-5600U CPU @ 2.60GHz, 4 cores, 7G,  Windows 10 , 64 bit Build 19041 (10.0.19041.292)
Time: Wed Oct 14 00:10:59 2020 Pakistan Standard Time elapsed time: 0 seconds (0d 0h 0m 0s)

---------------  T H R E A D  ---------------

Current thread (0x000001eb2b4bd000):  JavaThread "Unknown thread" [_thread_in_vm, id=11892, stack(0x0000001135200000,0x0000001135300000)]

Stack: [0x0000001135200000,0x0000001135300000]
Native frames: (J=compiled Java code, j=interpreted, Vv=VM code, C=native code)
V  [jvm.dll+0x5f8a9a]
V  [jvm.dll+0x74247a]
V  [jvm.dll+0x743c2f]
V  [jvm.dll+0x744273]
V  [jvm.dll+0x20d288]
V  [jvm.dll+0x5f5dea]
V  [jvm.dll+0x5eac45]
V  [jvm.dll+0x2c7e9c]
V  [jvm.dll+0x2c7cd2]
V  [jvm.dll+0x2cdbbc]
V  [jvm.dll+0x313fe8]
V  [jvm.dll+0x313710]
V  [jvm.dll+0x2a092a]
V  [jvm.dll+0x2a1a79]
V  [jvm.dll+0x71fd48]
V  [jvm.dll+0x321c14]
V  [jvm.dll+0x70112c]
V  [jvm.dll+0x392def]
V  [jvm.dll+0x394e61]
C  [jli.dll+0x524b]
C  [ucrtbase.dll+0x214c2]
C  [KERNEL32.DLL+0x16fd4]
C  [ntdll.dll+0x4cec1]


---------------  P R O C E S S  ---------------

Threads class SMR info:
_java_thread_list=0x00007ffadeff3038, length=0, elements={
}

Java Threads: ( => current thread )

Other Threads:
  0x000001eb2940d000 GCTaskThread "GC Thread#0" [stack: 0x0000001135300000,0x0000001135400000] [id=16608]
  0x000001eb2b50f000 ConcurrentGCThread "G1 Main Marker" [stack: 0x0000001135400000,0x0000001135500000] [id=17228]
  0x000001eb2b510000 ConcurrentGCThread "G1 Conc#0" [stack: 0x0000001135500000,0x0000001135600000] [id=32388]

[error occurred during error reporting (printing all threads), id 0xc0000005, EXCEPTION_ACCESS_VIOLATION (0xc0000005) at pc=0x00007ffade821257]

VM state:not at safepoint (not fully initialized)

VM Mutex/Monitor currently owned by a thread:  ([mutex/lock_event])
[0x000001eb2b4b8520] Heap_lock - owner thread: 0x000001eb2b4bd000

Heap address: 0x0000000081e00000, size: 2018 MB, Compressed Oops mode: 32-bit
Narrow klass base: 0x0000000000000000, Narrow klass shift: 0

GC Heap History (0 events):
No events

Deoptimization events (0 events):
No events

Classes unloaded (0 events):
No events

Classes redefined (0 events):
No events

Internal exceptions (0 events):
No events

Events (2 events):
Event: 0.484 Loaded shared library C:\Users\IT\.jdks\openjdk-14.0.2\bin\java.dll
Event: 0.485 Loaded shared library C:\Users\IT\.jdks\openjdk-14.0.2\bin\zip.dll


Dynamic libraries:
0x00007ff665e10000 - 0x00007ff665e1d000 	C:\Users\IT\.jdks\openjdk-14.0.2\bin\java.exe
0x00007ffb3fb50000 - 0x00007ffb3fd45000 	C:\WINDOWS\SYSTEM32\ntdll.dll
0x00007ffb3f8d0000 - 0x00007ffb3f98d000 	C:\WINDOWS\System32\KERNEL32.DLL
0x00007ffb3d430000 - 0x00007ffb3d6f7000 	C:\WINDOWS\System32\KERNELBASE.dll
0x00007ffb3d920000 - 0x00007ffb3da20000 	C:\WINDOWS\System32\ucrtbase.dll
0x00007ffb1ddf0000 - 0x00007ffb1de08000 	C:\Users\IT\.jdks\openjdk-14.0.2\bin\jli.dll
0x00007ffb3e3e0000 - 0x00007ffb3e580000 	C:\WINDOWS\System32\USER32.dll
0x00007ffb3d8c0000 - 0x00007ffb3d8e2000 	C:\WINDOWS\System32\win32u.dll
0x00007ffb3e200000 - 0x00007ffb3e22a000 	C:\WINDOWS\System32\GDI32.dll
0x00007ffb3daa0000 - 0x00007ffb3dba9000 	C:\WINDOWS\System32\gdi32full.dll
0x00007ffb3d390000 - 0x00007ffb3d42d000 	C:\WINDOWS\System32\msvcp_win.dll
0x00007ffb33560000 - 0x00007ffb33575000 	C:\Users\IT\.jdks\openjdk-14.0.2\bin\VCRUNTIME140.dll
0x00007ffb32ce0000 - 0x00007ffb32f7b000 	C:\WINDOWS\WinSxS\amd64_microsoft.windows.common-controls_6595b64144ccf1df_6.0.19041.488_none_ca04af081b815d21\COMCTL32.dll
0x00007ffb3fa70000 - 0x00007ffb3fb0e000 	C:\WINDOWS\System32\msvcrt.dll
0x00007ffb3f430000 - 0x00007ffb3f460000 	C:\WINDOWS\System32\IMM32.DLL
0x00007ffb10020000 - 0x00007ffb100bb000 	C:\Users\IT\.jdks\openjdk-14.0.2\bin\msvcp140.dll
0x00007ffade570000 - 0x00007ffadf08e000 	C:\Users\IT\.jdks\openjdk-14.0.2\bin\server\jvm.dll
0x00007ffb3dbb0000 - 0x00007ffb3dc5a000 	C:\WINDOWS\System32\ADVAPI32.dll
0x00007ffb3f200000 - 0x00007ffb3f29b000 	C:\WINDOWS\System32\sechost.dll
0x00007ffb3e700000 - 0x00007ffb3e824000 	C:\WINDOWS\System32\RPCRT4.dll
0x00007ffb3f990000 - 0x00007ffb3f998000 	C:\WINDOWS\System32\PSAPI.DLL
0x00007ffb3ba60000 - 0x00007ffb3ba69000 	C:\WINDOWS\SYSTEM32\WSOCK32.dll
0x00007ffb3f3c0000 - 0x00007ffb3f42b000 	C:\WINDOWS\System32\WS2_32.dll
0x00007ffb336c0000 - 0x00007ffb336e7000 	C:\WINDOWS\SYSTEM32\WINMM.dll
0x00007ffb33b40000 - 0x00007ffb33b4a000 	C:\WINDOWS\SYSTEM32\VERSION.dll
0x00007ffb3bbd0000 - 0x00007ffb3bbe3000 	C:\WINDOWS\SYSTEM32\kernel.appcore.dll
0x00007ffb313d0000 - 0x00007ffb313da000 	C:\Users\IT\.jdks\openjdk-14.0.2\bin\jimage.dll
0x00007ffb3b850000 - 0x00007ffb3ba34000 	C:\WINDOWS\SYSTEM32\DBGHELP.DLL
0x00007ffb36080000 - 0x00007ffb360ac000 	C:\WINDOWS\SYSTEM32\dbgcore.DLL
0x00007ffb3da20000 - 0x00007ffb3da9f000 	C:\WINDOWS\System32\bcryptPrimitives.dll
0x00007ffb2f0c0000 - 0x00007ffb2f0ce000 	C:\Users\IT\.jdks\openjdk-14.0.2\bin\instrument.dll
0x00007ffb10970000 - 0x00007ffb10995000 	C:\Users\IT\.jdks\openjdk-14.0.2\bin\java.dll
0x00007ffb1b300000 - 0x00007ffb1b316000 	C:\Users\IT\.jdks\openjdk-14.0.2\bin\zip.dll

dbghelp: loaded successfully - version: 4.0.5 - missing functions: none
symbol engine: initialized successfully - sym options: 0x614 - pdb path: .;C:\Users\IT\.jdks\openjdk-14.0.2\bin;C:\WINDOWS\SYSTEM32;C:\WINDOWS\WinSxS\amd64_microsoft.windows.common-controls_6595b64144ccf1df_6.0.19041.488_none_ca04af081b815d21;C:\Users\IT\.jdks\openjdk-14.0.2\bin\server

VM Arguments:
jvm_args: -javaagent:C:\Program Files\JetBrains\IntelliJ IDEA 2020.1.4\lib\idea_rt.jar=1207:C:\Program Files\JetBrains\IntelliJ IDEA 2020.1.4\bin -Dfile.encoding=UTF-8 
java_command: com.ehsan.designpatterns.course.Main
java_class_path (initial): E:\Flutter\Java DP done with mosh\out\production\Java DP done with mosh
Launcher Type: SUN_STANDARD

[Global flags]
     intx CICompilerCount                          = 3                                         {product} {ergonomic}
     uint ConcGCThreads                            = 1                                         {product} {ergonomic}
     uint G1ConcRefinementThreads                  = 4                                         {product} {ergonomic}
   size_t G1HeapRegionSize                         = 1048576                                   {product} {ergonomic}
    uintx GCDrainStackTargetSize                   = 64                                        {product} {ergonomic}
   size_t InitialHeapSize                          = 134217728                                 {product} {ergonomic}
   size_t MarkStackSize                            = 4194304                                   {product} {ergonomic}
   size_t MaxHeapSize                              = 2116026368                                {product} {ergonomic}
   size_t MinHeapDeltaBytes                        = 1048576                                   {product} {ergonomic}
   size_t MinHeapSize                              = 8388608                                   {product} {ergonomic}
    uintx NonNMethodCodeHeapSize                   = 5832780                                {pd product} {ergonomic}
    uintx NonProfiledCodeHeapSize                  = 122912730                              {pd product} {ergonomic}
    uintx ProfiledCodeHeapSize                     = 122912730                              {pd product} {ergonomic}
    uintx ReservedCodeCacheSize                    = 251658240                              {pd product} {ergonomic}
     bool SegmentedCodeCache                       = true                                      {product} {ergonomic}
   size_t SoftMaxHeapSize                          = 2116026368                             {manageable} {ergonomic}
     bool UseCompressedClassPointers               = true                                 {lp64_product} {ergonomic}
     bool UseCompressedOops                        = true                                 {lp64_product} {ergonomic}
     bool UseG1GC                                  = true                                      {product} {ergonomic}
     bool UseLargePagesIndividualAllocation        = false                                  {pd product} {ergonomic}

Logging:
Log output configuration:
 #0: stdout all=warning uptime,level,tags
 #1: stderr all=off uptime,level,tags

Environment Variables:
PATH=C:\Program Files (x86)\Common Files\Oracle\Java\javapath;C:\App\db_home\bin;C:\WINDOWS\system32;C:\WINDOWS;C:\WINDOWS\System32\Wbem;C:\WINDOWS\System32\WindowsPowerShell\v1.0\;C:\WINDOWS\System32\OpenSSH\;C:\Program Files (x86)\Windows Live\Shared;C:\Program Files\nodejs\;C:\Program Files\dotnet\;C:\Program Files\Git\cmd;C:\src\flutter\bin;C:\Program Files\Java\jdk-13.0.2\bin;C:\Users\IT\AppData\Local\Microsoft\WindowsApps;C:\Program Files\JetBrains\CLion 2019.3\bin;;C:\Program Files\JetBrains\PyCharm Community Edition 2019.3.3\bin;;C:\Users\IT\AppData\Roaming\npm;C:\Program Files\JetBrains\PyCharm 2020.1.4\bin;;C:\Program Files\JetBrains\IntelliJ IDEA 2020.1.4\bin;;C:\Program Files\Java\jdk-13.0.2\bin;
USERNAME=Ehsan
OS=Windows_NT
PROCESSOR_IDENTIFIER=Intel64 Family 6 Model 61 Stepping 4, GenuineIntel



---------------  S Y S T E M  ---------------

OS: Windows 10 , 64 bit Build 19041 (10.0.19041.292)
OS uptime: 26 days 22:35 hours

CPU:total 4 (initial active 4) (2 cores per cpu, 2 threads per core) family 6 model 61 stepping 4, cmov, cx8, fxsr, mmx, sse, sse2, sse3, ssse3, sse4.1, sse4.2, popcnt, avx, avx2, aes, clmul, erms, rtm, 3dnowpref, lzcnt, ht, tsc, tscinvbit, bmi1, bmi2, adx, fma

Memory: 4k page, system-wide physical 8064M (404M free)
TotalPageFile size 26741M (AvailPageFile size 108M)
current process WorkingSet (physical memory assigned to process): 10M, peak: 10M
current process commit charge ("private bytes"): 51M, peak: 179M

vm_info: OpenJDK 64-Bit Server VM (14.0.2+12-46) for windows-amd64 JRE (14.0.2+12-46), built on Jul  9 2020 00:31:16 by "mach5one" with MS VC++ 15.9 (VS2017)

END.
